c:\users\stefan\source\repos\rpg game\rpg game\debug\rpg game.pch
c:\users\stefan\source\repos\rpg game\rpg game\debug\vc141.pdb
c:\users\stefan\source\repos\rpg game\rpg game\debug\vc141.idb
c:\users\stefan\source\repos\rpg game\rpg game\debug\stdafx.obj
c:\users\stefan\source\repos\rpg game\rpg game\debug\random.obj
c:\users\stefan\source\repos\rpg game\rpg game\debug\rpg game.obj
c:\users\stefan\source\repos\rpg game\rpg game\debug\map.obj
c:\users\stefan\source\repos\rpg game\rpg game\debug\player.obj
c:\users\stefan\source\repos\rpg game\rpg game\debug\monster.obj
c:\users\stefan\source\repos\rpg game\rpg game\debug\game.obj
c:\users\stefan\source\repos\rpg game\rpg game\debug\shop.obj
c:\users\stefan\source\repos\rpg game\rpg game\debug\quests.obj
c:\users\stefan\source\repos\rpg game\rpg game\debug\weapon.obj
c:\users\stefan\source\repos\rpg game\debug\rpg game.exe
c:\users\stefan\source\repos\rpg game\debug\rpg game.ilk
c:\users\stefan\source\repos\rpg game\debug\rpg game.pdb
c:\users\stefan\source\repos\rpg game\rpg game\debug\store.obj
c:\users\stefan\source\repos\rpg game\rpg game\debug\rpg game.tlog\cl.command.1.tlog
c:\users\stefan\source\repos\rpg game\rpg game\debug\rpg game.tlog\cl.read.1.tlog
c:\users\stefan\source\repos\rpg game\rpg game\debug\rpg game.tlog\cl.write.1.tlog
c:\users\stefan\source\repos\rpg game\rpg game\debug\rpg game.tlog\link.command.1.tlog
c:\users\stefan\source\repos\rpg game\rpg game\debug\rpg game.tlog\link.read.1.tlog
c:\users\stefan\source\repos\rpg game\rpg game\debug\rpg game.tlog\link.write.1.tlog
